<?xml version="1.0" encoding="UTF-8"?>
<testsuite xmlns:xsi="http://www.w3.org/2001/XMLSchema-instance" xsi:noNamespaceSchemaLocation="https://maven.apache.org/surefire/maven-surefire-plugin/xsd/surefire-test-report.xsd" name="hello.HomePageTest" time="2.971" tests="3" errors="0" skipped="0" failures="0">
  <properties>
[...]
</properties>
  <testcase name="getHomePage_BootstrapLoaded" classname="hello.HomePageTest" time="0.295"/>
  <testcase name="getHomePage_hasCorrectTitle" classname="hello.HomePageTest" time="0.011"/>
  <testcase name="getHomePage_ContentType" classname="hello.HomePageTest" time="0.006"/>
</testsuite>